{"logTime": "0326/235019", "correlationVector":"WmIFQ93bAUqOFTel5mySUn.1","action":"SyncServerConnectionManagerRequest", "result":"SYNC_SERVER_OK", "context":{"environment":"Prod_northcentralus_prod-s01-050-nam-northcentralus", "migrationStage":"NotStarted", "server":"akswtt00300000h"}}
{"logTime": "0326/235019", "correlationVector":"WmIFQ93bAUqOFTel5mySUn.2","action":"ProcessGetUpdates", "result":"Done", "context":{"dataType":"Encryption Keys", "deleted":"0", "process_failed_to_decrypt":"0", "process_pending_decryption":"0", "process_success":"1", "total":"1"}}
{"logTime": "0326/235020", "correlationVector":"GiyDVCZeZNgSPOC4gTrS05","action":"SyncServerConnectionManagerRequest", "result":"SYNC_SERVER_OK", "context":{"environment":"", "migrationStage":"", "server":""}}
{"logTime": "0326/235020", "correlationVector":"GiyDVCZeZNgSPOC4gTrS05.0","action":"EncryptionKeysFetcher.DownloadKeys:", "result":"Success", "context":Key count: 10, Last key timestamp: 2026-03-16T03:12:32Z}
{"logTime": "0326/235020", "correlationVector":"GiyDVCZeZNgSPOC4gTrS05.1","action":"EncryptionKeysManager::SetEncryptionKeys:", "result":"Success", "context":Key names[10]:[dPjaKRoIzavw5rOALcKCY/tcJmJ60mCtrei4jRSn6VYJh5Etys3St9I2jG3HpEsTroXytcYyXm8g6FKODCsmiQ==][XVMncz2NcTbkfre+1eaJ6I/0gNkcc3EAgVSmFWmEPki8LfQ7zC5WhE/Vd/drKMW6VN7VPiEnLNvXz4fQNjKBhA==][cnrnBxptcZMgNcMi/eI6KzMry11Xn3KVc2QFwsiM0Y2OQJ+0thsm27fMseylvdfPIr0Y3u1S9NHP7m2v1s55kg==][5a2zPyjhnX3Tkhl+oFf+R4H2TJzTx4MB3snDRtlHAuTfOb/utaLDRXTYGaXsCP1adtW5nsSXJ2D1FHO44fXocA==][VPsxqzDJf4FIvl/dvECrxIM9pgBB/su3PQWjT+y0LxammxpOl4uvp5l/OBVM1Uk/ZwK/RpY8NjQAPEflSgqJLg==][Sqtikw4Q9vZJ28u43kI2T+VDnIkuZuo+Ud9efRdOtjxN9wK2NMB2EN1f+5VVrY6KKi5NnuyXtkAVgZDsyu7XwA==][hzSqbACh3s9bd9BNgFJERshsfn+DP2fZQrIt4tU4TaA2cLb7VLxgeLY4NwkZr4QNJdaKKccIFrCTY5BwCZiUuA==][LUX1Tl5yFYbwrSCl50XF2FmiWPDbE1rMomwkYsFQzS7apKuE+dgzkQcz5F1SNVTCafvVV+/J7UaYjX39z0SO3A==][24eAnOILT5boxt8ID1sIUQ/5snQIFGOmgRf27e2Rmu6JlzqRe9t0Ko7XOnd7+MgtWEYILlPNSLjqYXrOURVEIA==][cMFn4PqlHbB/tf0mE41hUBOTXEic+7bK/NC9AAZC4y5UXvkwPCkqCBIrXDXVVviVkwbmsmQv3XnrzEnbvuXyDw==]}
{"logTime": "0326/235020", "correlationVector":"GiyDVCZeZNgSPOC4gTrS05.2","action":"EncryptionKeysManager::SetEncryptionKeysWithTimestamps:", "result":"Success", "context":Key timestamps[10]:[2022-02-16T02:20:21Z][2023-01-02T20:13:05Z][2023-09-17T21:21:21Z][2024-03-16T03:04:27Z][2024-09-13T01:30:52Z][2025-01-25T18:40:51Z][2025-02-22T22:36:01Z][2025-04-23T23:22:50Z][2025-10-21T14:46:43Z][2026-03-16T03:12:32Z]}
{"logTime": "0326/235020", "correlationVector":"WmIFQ93bAUqOFTel5mySUn","action":"Initial GetUpdates", "result":"", "context":Reason: NEW_CLIENT. cV=WmIFQ93bAUqOFTel5mySUn}
{"logTime": "0326/235020", "correlationVector":"WmIFQ93bAUqOFTel5mySUn.3","action":"GetUpdates Response", "result":"Success", "context":Received 1 update(s). cV=WmIFQ93bAUqOFTel5mySUn.0;server=akswtt00300000h;cloudType=Consumer;environment=Prod_northcentralus_prod-s01-050-nam-northcentralus;migrationStage=NotStarted}
{"logTime": "0326/235020", "correlationVector":"dgUQTVD7J0mEQ78XT2GVNw","action":"Initial GetUpdates", "result":"", "context":Reason: NEWLY_SUPPORTED_DATATYPE. cV=dgUQTVD7J0mEQ78XT2GVNw}
{"logTime": "0326/235020", "correlationVector":"dgUQTVD7J0mEQ78XT2GVNw.1","action":"SyncServerConnectionManagerRequest", "result":"SYNC_SERVER_OK", "context":{"environment":"Prod_northcentralus_prod-s01-050-nam-northcentralus", "migrationStage":"NotStarted", "server":"akswtt003000009"}}
{"logTime": "0326/235020", "correlationVector":"dgUQTVD7J0mEQ78XT2GVNw.2","action":"ProcessGetUpdates", "result":"Done", "context":{"dataType":"Preferences", "deleted":"0", "process_failed_to_decrypt":"0", "process_pending_decryption":"0", "process_success":"57", "total":"57"}}
{"logTime": "0326/235020", "correlationVector":"dgUQTVD7J0mEQ78XT2GVNw.3","action":"ProcessGetUpdates", "result":"Done", "context":{"dataType":"Passwords", "deleted":"0", "process_failed_to_decrypt":"0", "process_pending_decryption":"0", "process_success":"112", "total":"112"}}
{"logTime": "0326/235020", "correlationVector":"dgUQTVD7J0mEQ78XT2GVNw.4","action":"ProcessGetUpdates", "result":"Done", "context":{"dataType":"Device Info", "deleted":"0", "process_failed_to_decrypt":"0", "process_pending_decryption":"0", "process_success":"5", "total":"5"}}
{"logTime": "0326/235020", "correlationVector":"dgUQTVD7J0mEQ78XT2GVNw.5","action":"GetUpdates Response", "result":"Success", "context":Received 174 update(s). cV=dgUQTVD7J0mEQ78XT2GVNw.0;server=akswtt003000009;cloudType=Consumer;environment=Prod_northcentralus_prod-s01-050-nam-northcentralus;migrationStage=NotStarted}
{"logTime": "0326/235020", "correlationVector":"Ou7KxsFqyaQzM65P9LXuTh","action":"Initial GetUpdates", "result":"", "context":Reason: NEWLY_SUPPORTED_DATATYPE. cV=Ou7KxsFqyaQzM65P9LXuTh}
{"logTime": "0326/235021", "correlationVector":"Ou7KxsFqyaQzM65P9LXuTh.1","action":"SyncServerConnectionManagerRequest", "result":"SYNC_SERVER_OK", "context":{"environment":"Prod_northcentralus_prod-s01-050-nam-northcentralus", "migrationStage":"NotStarted", "server":"akswtt00300000h"}}
{"logTime": "0326/235021", "correlationVector":"Ou7KxsFqyaQzM65P9LXuTh.2","action":"ProcessGetUpdates", "result":"Done", "context":{"dataType":"Bookmarks", "deleted":"0", "process_failed_to_decrypt":"0", "process_pending_decryption":"0", "process_success":"44", "total":"44"}}
{"logTime": "0326/235021", "correlationVector":"Ou7KxsFqyaQzM65P9LXuTh.3","action":"GetUpdates Response", "result":"Success", "context":Received 44 update(s). cV=Ou7KxsFqyaQzM65P9LXuTh.0;server=akswtt00300000h;cloudType=Consumer;environment=Prod_northcentralus_prod-s01-050-nam-northcentralus;migrationStage=NotStarted}
{"logTime": "0326/235021", "correlationVector":"MMuN0Pic5lugapyfCNxlwl","action":"Initial GetUpdates", "result":"", "context":Reason: NEWLY_SUPPORTED_DATATYPE. cV=MMuN0Pic5lugapyfCNxlwl}
{"logTime": "0326/235021", "correlationVector":"MMuN0Pic5lugapyfCNxlwl.1","action":"SyncServerConnectionManagerRequest", "result":"SYNC_SERVER_OK", "context":{"environment":"Prod_northcentralus_prod-s01-050-nam-northcentralus", "migrationStage":"NotStarted", "server":"akswtt003000009"}}
{"logTime": "0326/235021", "correlationVector":"MMuN0Pic5lugapyfCNxlwl.2","action":"ProcessGetUpdates", "result":"Done", "context":{"dataType":"Autofill", "deleted":"0", "process_failed_to_decrypt":"0", "process_pending_decryption":"0", "process_success":"198", "total":"198"}}
{"logTime": "0326/235021", "correlationVector":"MMuN0Pic5lugapyfCNxlwl.3","action":"ProcessGetUpdates", "result":"Done", "context":{"dataType":"Extensions", "deleted":"0", "process_failed_to_decrypt":"0", "process_pending_decryption":"0", "process_success":"5", "total":"5"}}
{"logTime": "0326/235021", "correlationVector":"MMuN0Pic5lugapyfCNxlwl.4","action":"ProcessGetUpdates", "result":"Done", "context":{"dataType":"Sessions", "deleted":"15", "process_failed_to_decrypt":"0", "process_pending_decryption":"0", "process_success":"15", "total":"15"}}
{"logTime": "0326/235021", "correlationVector":"MMuN0Pic5lugapyfCNxlwl.5","action":"ProcessGetUpdates", "result":"Done", "context":{"dataType":"Extension settings", "deleted":"0", "process_failed_to_decrypt":"0", "process_pending_decryption":"0", "process_success":"2", "total":"2"}}
{"logTime": "0326/235021", "correlationVector":"MMuN0Pic5lugapyfCNxlwl.6","action":"GetUpdates Response", "result":"Success", "context":Received 220 update(s). cV=MMuN0Pic5lugapyfCNxlwl.0;server=akswtt003000009;cloudType=Consumer;environment=Prod_northcentralus_prod-s01-050-nam-northcentralus;migrationStage=NotStarted}
{"logTime": "0326/235021", "correlationVector":"YpbtVAwEMzbcD5ZwSVgHgh","action":"Initial GetUpdates", "result":"", "context":Reason: NEWLY_SUPPORTED_DATATYPE. cV=YpbtVAwEMzbcD5ZwSVgHgh}
{"logTime": "0326/235022", "correlationVector":"YpbtVAwEMzbcD5ZwSVgHgh.1","action":"SyncServerConnectionManagerRequest", "result":"SYNC_SERVER_OK", "context":{"environment":"Prod_northcentralus_prod-s01-050-nam-northcentralus", "migrationStage":"NotStarted", "server":"akswtt00300000a"}}
{"logTime": "0326/235022", "correlationVector":"YpbtVAwEMzbcD5ZwSVgHgh.2","action":"GetUpdates Response", "result":"Success", "context":Received 0 update(s). cV=YpbtVAwEMzbcD5ZwSVgHgh.0;server=akswtt00300000a;cloudType=Consumer;environment=Prod_northcentralus_prod-s01-050-nam-northcentralus;migrationStage=NotStarted}
{"logTime": "0326/235022", "correlationVector":"bmRqCfzbVSRTBtErmBaXol","action":"Normal GetUpdate request", "result":"", "context":cV=bmRqCfzbVSRTBtErmBaXol
Nudged types: Sessions, Device Info, User Consents
Refresh requested types: Bookmarks, Preferences, Passwords, Autofill Profiles, Autofill, Extensions, Sessions, Extension settings, History Delete Directives, Device Info, User Consents, Send Tab To Self, Web Apps, History, Saved Tab Group, WebAuthn Credentials, Collection, Edge E Drop, Edge Hub App Usage, Edge Wallet, Edge Workspace, Encryption Keys}
{"logTime": "0326/235022", "correlationVector":"bmRqCfzbVSRTBtErmBaXol.1","action":"SyncServerConnectionManagerRequest", "result":"SYNC_SERVER_OK", "context":{"environment":"Prod_northcentralus_prod-s01-050-nam-northcentralus", "migrationStage":"NotStarted", "server":"akswtt00300000f"}}
{"logTime": "0326/235022", "correlationVector":"bmRqCfzbVSRTBtErmBaXol.2","action":"GetUpdates Response", "result":"Success", "context":Received 0 update(s). cV=bmRqCfzbVSRTBtErmBaXol.0;server=akswtt00300000f;cloudType=Consumer;environment=Prod_northcentralus_prod-s01-050-nam-northcentralus;migrationStage=NotStarted}
{"logTime": "0326/235022", "correlationVector":"qA8jGzd1D4yh62aubzbnN1","action":"DoCompareDataConsistency requsted types: ", "result":"Bookmarks, Preferences, Passwords, Extensions, Extension settings, History Delete Directives, Send Tab To Self, Web Apps, History, Saved Tab Group, WebAuthn Credentials, Collection, Edge E Drop, Edge Wallet, Edge Workspace, Encryption Keys"}
{"logTime": "0326/235022", "correlationVector":"qA8jGzd1D4yh62aubzbnN1.0","action":"CompareDataConsistency result: ", "result":"Compare result: Encryption Keys is consistent. local entities count is: 1 local entities hash is: IlcQtTKbO2eSbpsdWyzE9cYm+Jc="}
{"logTime": "0326/235022", "correlationVector":"qA8jGzd1D4yh62aubzbnN1.1","action":"CompareDataConsistency result: ", "result":"Compare result: Bookmarks is consistent. local entities count is: 38 local entities hash is: kk6CiBBNBlfgsq7kkKpTi5VGtfA="}
{"logTime": "0326/235022", "correlationVector":"qA8jGzd1D4yh62aubzbnN1.2","action":"CompareDataConsistency result: ", "result":"Compare result: Preferences is consistent. local entities count is: 57 local entities hash is: 0i3t7rTaMsheUqXvp6ylpKo76iw="}
{"logTime": "0326/235022", "correlationVector":"qA8jGzd1D4yh62aubzbnN1.3","action":"CompareDataConsistency result: ", "result":"Compare result: Extensions is consistent. local entities count is: 5 local entities hash is: ztBjjU3SjNFNantApxENiOH6Izg="}
{"logTime": "0326/235022", "correlationVector":"qA8jGzd1D4yh62aubzbnN1.4","action":"CompareDataConsistency result: ", "result":"Compare result: Extension settings is consistent. local entities count is: 2 local entities hash is: 3hIWik9NCrybCwKu0yLgBNirOEA="}
{"logTime": "0326/235022", "correlationVector":"qA8jGzd1D4yh62aubzbnN1.5","action":"CompareDataConsistency result: ", "result":"Compare result: History Delete Directives is consistent. local entities count is: 0 local entities hash is: "}
{"logTime": "0326/235022", "correlationVector":"qA8jGzd1D4yh62aubzbnN1.6","action":"CompareDataConsistency result: ", "result":"Server did not send this Send Tab To Self local entities count is: 0 local entities hash is: "}
{"logTime": "0326/235022", "correlationVector":"qA8jGzd1D4yh62aubzbnN1.7","action":"CompareDataConsistency result: ", "result":"Compare result: Web Apps is consistent. local entities count is: 0 local entities hash is: "}
{"logTime": "0326/235022", "correlationVector":"qA8jGzd1D4yh62aubzbnN1.8","action":"CompareDataConsistency result: ", "result":"Server did not send this History local entities count is: 0 local entities hash is: "}
{"logTime": "0326/235022", "correlationVector":"qA8jGzd1D4yh62aubzbnN1.9","action":"CompareDataConsistency result: ", "result":"Compare result: Saved Tab Group is consistent. local entities count is: 0 local entities hash is: "}
{"logTime": "0326/235022", "correlationVector":"qA8jGzd1D4yh62aubzbnN1.10","action":"CompareDataConsistency result: ", "result":"Server did not send this WebAuthn Credentials local entities count is: 0 local entities hash is: "}
{"logTime": "0326/235022", "correlationVector":"qA8jGzd1D4yh62aubzbnN1.11","action":"CompareDataConsistency result: ", "result":"Compare result: Collection is consistent. local entities count is: 0 local entities hash is: "}
{"logTime": "0326/235022", "correlationVector":"qA8jGzd1D4yh62aubzbnN1.12","action":"CompareDataConsistency result: ", "result":"Compare result: Edge E Drop is consistent. local entities count is: 0 local entities hash is: "}
{"logTime": "0326/235022", "correlationVector":"qA8jGzd1D4yh62aubzbnN1.13","action":"CompareDataConsistency result: ", "result":"Compare result: Edge Wallet is consistent. local entities count is: 0 local entities hash is: "}
{"logTime": "0326/235022", "correlationVector":"qA8jGzd1D4yh62aubzbnN1.14","action":"CompareDataConsistency result: ", "result":"Server did not send this Edge Workspace local entities count is: 0 local entities hash is: "}
{"logTime": "0326/235022", "correlationVector":"qA8jGzd1D4yh62aubzbnN1.15","action":"CompareDataConsistency result: ", "result":"Compare result: Passwords is consistent. local entities count is: 112 local entities hash is: g1oFHamjIsgZlix0Rg+AgmRI0Uw="}
{"logTime": "0326/235022", "correlationVector":"6jRlB4Bxf6RmxwD2Q5jjY1","action":"Commit Request", "result":"", "context":Item count: 5
Contributing types: Sessions, Device Info, User Consents}
{"logTime": "0326/235023", "correlationVector":"6jRlB4Bxf6RmxwD2Q5jjY1.1","action":"SyncServerConnectionManagerRequest", "result":"SYNC_SERVER_OK", "context":{"environment":"Prod_northcentralus_prod-s01-050-nam-northcentralus", "migrationStage":"NotStarted", "server":"akswtt003000000"}}
{"logTime": "0326/235023", "correlationVector":"6jRlB4Bxf6RmxwD2Q5jjY1.2","action":"Commit Response", "result":"Success", "context":Result: Success. cV=6jRlB4Bxf6RmxwD2Q5jjY1.0;server=akswtt003000000;cloudType=Consumer;environment=Prod_northcentralus_prod-s01-050-nam-northcentralus;migrationStage=NotStarted}
{"logTime": "0326/235023", "correlationVector":"","action":"DIAGNOSTIC_REQUEST|v1/diagnosticData/Diagnostic.SendCheckResult()|SUCCESS", "result":""}
{"logTime": "0326/235131", "correlationVector":"7XcLB6JguF/3wZhcNmgBKe","action":"Commit Request", "result":"", "context":Item count: 2
Contributing types: Sessions, History}
{"logTime": "0326/235132", "correlationVector":"7XcLB6JguF/3wZhcNmgBKe.1","action":"SyncServerConnectionManagerRequest", "result":"SYNC_SERVER_OK", "context":{"environment":"Prod_northcentralus_prod-s01-050-nam-northcentralus", "migrationStage":"NotStarted", "server":"akswtt003000001"}}
{"logTime": "0326/235132", "correlationVector":"7XcLB6JguF/3wZhcNmgBKe.2","action":"Commit Response", "result":"Success", "context":Result: Success. cV=7XcLB6JguF/3wZhcNmgBKe.0;server=akswtt003000001;cloudType=Consumer;environment=Prod_northcentralus_prod-s01-050-nam-northcentralus;migrationStage=NotStarted}
{"logTime": "0326/235316", "correlationVector":"LCbQGxQ3ftYCvrp8YIFxvE","action":"Commit Request", "result":"", "context":Item count: 1
Contributing types: Sessions}
{"logTime": "0326/235316", "correlationVector":"LCbQGxQ3ftYCvrp8YIFxvE.1","action":"SyncServerConnectionManagerRequest", "result":"SYNC_SERVER_OK", "context":{"environment":"Prod_centralus_prod-s01-068-nam-centralus", "migrationStage":"NotStarted", "server":"akswtt00300000x"}}
{"logTime": "0326/235316", "correlationVector":"LCbQGxQ3ftYCvrp8YIFxvE.2","action":"Commit Response", "result":"Success", "context":Result: Success. cV=LCbQGxQ3ftYCvrp8YIFxvE.0;server=akswtt00300000x;cloudType=Consumer;environment=Prod_centralus_prod-s01-068-nam-centralus;migrationStage=NotStarted}
